#
# There is insufficient memory for the Java Runtime Environment to continue.
# Native memory allocation (malloc) failed to allocate 809136 bytes for Chunk::new
# Possible reasons:
#   The system is out of physical RAM or swap space
#   In 32 bit mode, the process size limit was hit
# Possible solutions:
#   Reduce memory load on the system
#   Increase physical memory or swap space
#   Check if swap backing store is full
#   Use 64 bit Java on a 64 bit OS
#   Decrease Java heap size (-Xmx/-Xms)
#   Decrease number of Java threads
#   Decrease Java thread stack sizes (-Xss)
#   Set larger code cache with -XX:ReservedCodeCacheSize=
# This output file may be truncated or incomplete.
#
#  Out of Memory Error (allocation.cpp:390), pid=10524, tid=15816
#
# JRE version: Java(TM) SE Runtime Environment (8.0_60-b27) (build 1.8.0_60-b27)
# Java VM: Java HotSpot(TM) 64-Bit Server VM (25.60-b23 mixed mode windows-amd64 compressed oops)
# Failed to write core dump. Minidumps are not enabled by default on client versions of Windows
#

---------------  T H R E A D  ---------------

Current thread (0x0000000016709800):  JavaThread "C2 CompilerThread1" daemon [_thread_in_native, id=15816, stack(0x0000000017df0000,0x0000000017ef0000)]

Stack: [0x0000000017df0000,0x0000000017ef0000]
[error occurred during error reporting (printing stack bounds), id 0xc0000005]

Native frames: (J=compiled Java code, j=interpreted, Vv=VM code, C=native code)


Current CompileTask:
C2: 132756 6125   !   4       java.net.URL::<init> (543 bytes)


---------------  P R O C E S S  ---------------

Java Threads: ( => current thread )
  0x000000001ccbc800 JavaThread "JGit-WorkQueue" daemon [_thread_blocked, id=3000, stack(0x0000000023100000,0x0000000023200000)]
  0x000000001ccc1000 JavaThread "DiscoveryClient-HeartbeatExecutor-0" daemon [_thread_blocked, id=6924, stack(0x0000000022b00000,0x0000000022c00000)]
  0x000000001ccc0000 JavaThread "DiscoveryClient-CacheRefreshExecutor-0" daemon [_thread_blocked, id=17028, stack(0x0000000022a00000,0x0000000022b00000)]
  0x000000001ccbf800 JavaThread "DestroyJavaVM" [_thread_blocked, id=11056, stack(0x0000000002b40000,0x0000000002c40000)]
  0x000000001ccbe000 JavaThread "http-nio-8888-Acceptor-0" daemon [_thread_in_native, id=8992, stack(0x0000000022800000,0x0000000022900000)]
  0x000000001ccbe800 JavaThread "http-nio-8888-ClientPoller-1" daemon [_thread_in_native, id=12468, stack(0x0000000022700000,0x0000000022800000)]
  0x000000001ccb4800 JavaThread "http-nio-8888-ClientPoller-0" daemon [_thread_in_native, id=6096, stack(0x0000000022600000,0x0000000022700000)]
  0x000000001ccbb800 JavaThread "http-nio-8888-exec-10" daemon [_thread_blocked, id=17368, stack(0x0000000022500000,0x0000000022600000)]
  0x000000001ccb5800 JavaThread "http-nio-8888-exec-9" daemon [_thread_in_Java, id=1328, stack(0x0000000022400000,0x0000000022500000)]
  0x000000001ccbb000 JavaThread "http-nio-8888-exec-8" daemon [_thread_blocked, id=12300, stack(0x0000000022300000,0x0000000022400000)]
  0x000000001ccba000 JavaThread "http-nio-8888-exec-7" daemon [_thread_blocked, id=11628, stack(0x0000000022200000,0x0000000022300000)]
  0x000000001ccb2800 JavaThread "http-nio-8888-exec-6" daemon [_thread_blocked, id=15712, stack(0x0000000022100000,0x0000000022200000)]
  0x000000001ccb9800 JavaThread "http-nio-8888-exec-5" daemon [_thread_blocked, id=7200, stack(0x0000000022000000,0x0000000022100000)]
  0x000000001ccb1800 JavaThread "http-nio-8888-exec-4" daemon [_thread_blocked, id=4344, stack(0x0000000021f00000,0x0000000022000000)]
  0x000000001ccb8800 JavaThread "http-nio-8888-exec-3" daemon [_thread_blocked, id=12356, stack(0x0000000021e00000,0x0000000021f00000)]
  0x000000001ccb7000 JavaThread "http-nio-8888-exec-2" daemon [_thread_blocked, id=13388, stack(0x0000000021d00000,0x0000000021e00000)]
  0x000000001ccb6800 JavaThread "http-nio-8888-exec-1" daemon [_thread_blocked, id=13896, stack(0x0000000021c00000,0x0000000021d00000)]
  0x000000001ccb8000 JavaThread "NioBlockingSelector.BlockPoller-1" daemon [_thread_in_native, id=14844, stack(0x0000000021b00000,0x0000000021c00000)]
  0x000000001ccb4000 JavaThread "DiscoveryClient-InstanceInfoReplicator-0" daemon [_thread_blocked, id=8412, stack(0x0000000021a00000,0x0000000021b00000)]
  0x000000001ccb3000 JavaThread "DiscoveryClient-1" daemon [_thread_blocked, id=1312, stack(0x0000000021900000,0x0000000021a00000)]
  0x000000001b861000 JavaThread "DiscoveryClient-0" daemon [_thread_blocked, id=11148, stack(0x0000000021530000,0x0000000021630000)]
  0x000000001b860800 JavaThread "AsyncResolver-bootstrap-0" daemon [_thread_blocked, id=2580, stack(0x0000000021330000,0x0000000021430000)]
  0x000000001b864000 JavaThread "Eureka-JerseyClient-Conn-Cleaner2" daemon [_thread_blocked, id=11008, stack(0x0000000021230000,0x0000000021330000)]
  0x000000001b865000 JavaThread "container-0" [_thread_blocked, id=13320, stack(0x000000001f7c0000,0x000000001f8c0000)]
  0x000000001b85f800 JavaThread "Catalina-utility-1" [_thread_blocked, id=11604, stack(0x000000001f6c0000,0x000000001f7c0000)]
  0x000000001b866800 JavaThread "SimplePauseDetectorThread_0" daemon [_thread_blocked, id=7688, stack(0x000000001f5c0000,0x000000001f6c0000)]
  0x000000001b865800 JavaThread "Thread-6" daemon [_thread_blocked, id=14388, stack(0x000000001f4c0000,0x000000001f5c0000)]
  0x000000001b863800 JavaThread "spring.cloud.inetutils" daemon [_thread_blocked, id=12816, stack(0x000000001efc0000,0x000000001f0c0000)]
  0x0000000017f05000 JavaThread "Service Thread" daemon [_thread_blocked, id=8208, stack(0x00000000183f0000,0x00000000184f0000)]
  0x0000000017f00800 JavaThread "C1 CompilerThread2" daemon [_thread_in_vm, id=15604, stack(0x00000000182f0000,0x00000000183f0000)]
=>0x0000000016709800 JavaThread "C2 CompilerThread1" daemon [_thread_in_native, id=15816, stack(0x0000000017df0000,0x0000000017ef0000)]
  0x00000000166b6000 JavaThread "C2 CompilerThread0" daemon [_thread_blocked, id=14428, stack(0x0000000017cf0000,0x0000000017df0000)]
  0x00000000166b4800 JavaThread "Attach Listener" daemon [_thread_blocked, id=8900, stack(0x0000000017bf0000,0x0000000017cf0000)]
  0x00000000166b3800 JavaThread "Signal Dispatcher" daemon [_thread_blocked, id=12096, stack(0x0000000017af0000,0x0000000017bf0000)]
  0x0000000002e2e000 JavaThread "Finalizer" daemon [_thread_blocked, id=12716, stack(0x0000000017900000,0x0000000017a00000)]
  0x0000000016679000 JavaThread "Reference Handler" daemon [_thread_blocked, id=912, stack(0x0000000017800000,0x0000000017900000)]

Other Threads:
  0x0000000016677800 VMThread [stack: 0x0000000017700000,0x0000000017800000] [id=9640]
  0x0000000017fb5800 WatcherThread [stack: 0x00000000184f0000,0x00000000185f0000] [id=14796]

VM state:not at safepoint (normal execution)

VM Mutex/Monitor currently owned by a thread: None

Heap:
 PSYoungGen      total 165376K, used 19964K [0x00000000e0980000, 0x00000000ee780000, 0x0000000100000000)
  eden space 147968K, 13% used [0x00000000e0980000,0x00000000e1cff1c0,0x00000000e9a00000)
  from space 17408K, 0% used [0x00000000e9a00000,0x00000000e9a00000,0x00000000eab00000)
  to   space 22016K, 0% used [0x00000000ed200000,0x00000000ed200000,0x00000000ee780000)
 ParOldGen       total 112640K, used 36919K [0x00000000a1c00000, 0x00000000a8a00000, 0x00000000e0980000)
  object space 112640K, 32% used [0x00000000a1c00000,0x00000000a400de80,0x00000000a8a00000)
 Metaspace       used 57625K, capacity 60186K, committed 60312K, reserved 1101824K
  class space    used 7583K, capacity 8048K, committed 8104K, reserved 1048576K

Card table byte_map: [0x00000000121f0000,0x00000000124f0000] byte_map_base: 0x0000000011ce2000

Marking Bits: (ParMarkBitMap*) 0x0000000067fda5b0
 Begin Bits: [0x0000000012af0000, 0x0000000014280000)
 End Bits:   [0x0000000014280000, 0x0000000015a10000)

Polling page: 0x0000000000f00000

CodeCache: size=245760Kb used=17906Kb max_used=18995Kb free=227853Kb
 bounds [0x0000000002e30000, 0x0000000004140000, 0x0000000011e30000]
 total_blobs=5714 nmethods=5180 adapters=446
 compilation: enabled

Compilation events (10 events):
Event: 132.685 Thread 0x0000000017f00800 6136       3       sun.nio.fs.WindowsFileAttributes::isSymbolicLink (15 bytes)
Event: 132.685 Thread 0x0000000017f00800 nmethod 6136 0x0000000003a19050 code [0x0000000003a191a0, 0x0000000003a19350]
Event: 132.685 Thread 0x0000000017f00800 6137       1       org.eclipse.jgit.treewalk.FileTreeIterator$FileEntry::getMode (5 bytes)
Event: 132.685 Thread 0x0000000017f00800 nmethod 6137 0x0000000003991590 code [0x00000000039916e0, 0x00000000039917f0]
Event: 132.687 Thread 0x0000000017f00800 6138       3       org.eclipse.jgit.lib.FileMode$1::equals (14 bytes)
Event: 132.687 Thread 0x0000000017f00800 nmethod 6138 0x0000000003991210 code [0x0000000003991360, 0x0000000003991510]
Event: 132.690 Thread 0x0000000017f00800 6139       3       org.eclipse.jgit.dircache.DirCacheIterator::eof (15 bytes)
Event: 132.690 Thread 0x0000000017f00800 nmethod 6139 0x0000000003990e90 code [0x0000000003990fe0, 0x0000000003991190]
Event: 132.692 Thread 0x0000000017f00800 6140       1       org.eclipse.jgit.lib.SymbolicRef::getName (5 bytes)
Event: 132.692 Thread 0x0000000017f00800 nmethod 6140 0x0000000003990bd0 code [0x0000000003990d20, 0x0000000003990e30]

GC Heap History (10 events):
Event: 9.316 GC heap before
{Heap before GC invocations=10 (full 2):
 PSYoungGen      total 130560K, used 9696K [0x00000000e0980000, 0x00000000eb480000, 0x0000000100000000)
  eden space 120832K, 0% used [0x00000000e0980000,0x00000000e0980000,0x00000000e7f80000)
  from space 9728K, 99% used [0x00000000e8c00000,0x00000000e9578010,0x00000000e9580000)
  to   space 12800K, 0% used [0x00000000e7f80000,0x00000000e7f80000,0x00000000e8c00000)
 ParOldGen       total 43520K, used 13441K [0x00000000a1c00000, 0x00000000a4680000, 0x00000000e0980000)
  object space 43520K, 30% used [0x00000000a1c00000,0x00000000a29207e8,0x00000000a4680000)
 Metaspace       used 33996K, capacity 35366K, committed 35496K, reserved 1079296K
  class space    used 4405K, capacity 4686K, committed 4776K, reserved 1048576K
Event: 9.453 GC heap after
Heap after GC invocations=10 (full 2):
 PSYoungGen      total 130560K, used 0K [0x00000000e0980000, 0x00000000eb480000, 0x0000000100000000)
  eden space 120832K, 0% used [0x00000000e0980000,0x00000000e0980000,0x00000000e7f80000)
  from space 9728K, 0% used [0x00000000e8c00000,0x00000000e8c00000,0x00000000e9580000)
  to   space 12800K, 0% used [0x00000000e7f80000,0x00000000e7f80000,0x00000000e8c00000)
 ParOldGen       total 75776K, used 18653K [0x00000000a1c00000, 0x00000000a6600000, 0x00000000e0980000)
  object space 75776K, 24% used [0x00000000a1c00000,0x00000000a2e37488,0x00000000a6600000)
 Metaspace       used 33996K, capacity 35366K, committed 35496K, reserved 1079296K
  class space    used 4405K, capacity 4686K, committed 4776K, reserved 1048576K
}
Event: 14.532 GC heap before
{Heap before GC invocations=11 (full 2):
 PSYoungGen      total 130560K, used 120832K [0x00000000e0980000, 0x00000000eb480000, 0x0000000100000000)
  eden space 120832K, 100% used [0x00000000e0980000,0x00000000e7f80000,0x00000000e7f80000)
  from space 9728K, 0% used [0x00000000e8c00000,0x00000000e8c00000,0x00000000e9580000)
  to   space 12800K, 0% used [0x00000000e7f80000,0x00000000e7f80000,0x00000000e8c00000)
 ParOldGen       total 75776K, used 18653K [0x00000000a1c00000, 0x00000000a6600000, 0x00000000e0980000)
  object space 75776K, 24% used [0x00000000a1c00000,0x00000000a2e37488,0x00000000a6600000)
 Metaspace       used 40835K, capacity 42542K, committed 42792K, reserved 1087488K
  class space    used 5308K, capacity 5624K, committed 5672K, reserved 1048576K
Event: 14.555 GC heap after
Heap after GC invocations=11 (full 2):
 PSYoungGen      total 133632K, used 11617K [0x00000000e0980000, 0x00000000eb880000, 0x0000000100000000)
  eden space 120832K, 0% used [0x00000000e0980000,0x00000000e0980000,0x00000000e7f80000)
  from space 12800K, 90% used [0x00000000e7f80000,0x00000000e8ad8520,0x00000000e8c00000)
  to   space 13824K, 0% used [0x00000000eab00000,0x00000000eab00000,0x00000000eb880000)
 ParOldGen       total 75776K, used 18661K [0x00000000a1c00000, 0x00000000a6600000, 0x00000000e0980000)
  object space 75776K, 24% used [0x00000000a1c00000,0x00000000a2e39488,0x00000000a6600000)
 Metaspace       used 40835K, capacity 42542K, committed 42792K, reserved 1087488K
  class space    used 5308K, capacity 5624K, committed 5672K, reserved 1048576K
}
Event: 17.829 GC heap before
{Heap before GC invocations=12 (full 2):
 PSYoungGen      total 133632K, used 132449K [0x00000000e0980000, 0x00000000eb880000, 0x0000000100000000)
  eden space 120832K, 100% used [0x00000000e0980000,0x00000000e7f80000,0x00000000e7f80000)
  from space 12800K, 90% used [0x00000000e7f80000,0x00000000e8ad8520,0x00000000e8c00000)
  to   space 13824K, 0% used [0x00000000eab00000,0x00000000eab00000,0x00000000eb880000)
 ParOldGen       total 75776K, used 18661K [0x00000000a1c00000, 0x00000000a6600000, 0x00000000e0980000)
  object space 75776K, 24% used [0x00000000a1c00000,0x00000000a2e39488,0x00000000a6600000)
 Metaspace       used 47913K, capacity 50266K, committed 50600K, reserved 1093632K
  class space    used 6302K, capacity 6728K, committed 6824K, reserved 1048576K
Event: 17.912 GC heap after
Heap after GC invocations=12 (full 2):
 PSYoungGen      total 161792K, used 13814K [0x00000000e0980000, 0x00000000ec280000, 0x0000000100000000)
  eden space 147968K, 0% used [0x00000000e0980000,0x00000000e0980000,0x00000000e9a00000)
  from space 13824K, 99% used [0x00000000eab00000,0x00000000eb87d848,0x00000000eb880000)
  to   space 17408K, 0% used [0x00000000e9a00000,0x00000000e9a00000,0x00000000eab00000)
 ParOldGen       total 75776K, used 22867K [0x00000000a1c00000, 0x00000000a6600000, 0x00000000e0980000)
  object space 75776K, 30% used [0x00000000a1c00000,0x00000000a3254c20,0x00000000a6600000)
 Metaspace       used 47913K, capacity 50266K, committed 50600K, reserved 1093632K
  class space    used 6302K, capacity 6728K, committed 6824K, reserved 1048576K
}
Event: 130.688 GC heap before
{Heap before GC invocations=13 (full 2):
 PSYoungGen      total 161792K, used 123400K [0x00000000e0980000, 0x00000000ec280000, 0x0000000100000000)
  eden space 147968K, 74% used [0x00000000e0980000,0x00000000e7484a68,0x00000000e9a00000)
  from space 13824K, 99% used [0x00000000eab00000,0x00000000eb87d848,0x00000000eb880000)
  to   space 17408K, 0% used [0x00000000e9a00000,0x00000000e9a00000,0x00000000eab00000)
 ParOldGen       total 75776K, used 22867K [0x00000000a1c00000, 0x00000000a6600000, 0x00000000e0980000)
  object space 75776K, 30% used [0x00000000a1c00000,0x00000000a3254c20,0x00000000a6600000)
 Metaspace       used 56503K, capacity 59034K, committed 59160K, reserved 1099776K
  class space    used 7433K, capacity 7878K, committed 7976K, reserved 1048576K
Event: 130.748 GC heap after
Heap after GC invocations=13 (full 2):
 PSYoungGen      total 165376K, used 17386K [0x00000000e0980000, 0x00000000ee780000, 0x0000000100000000)
  eden space 147968K, 0% used [0x00000000e0980000,0x00000000e0980000,0x00000000e9a00000)
  from space 17408K, 99% used [0x00000000e9a00000,0x00000000eaafa9a0,0x00000000eab00000)
  to   space 22016K, 0% used [0x00000000ed200000,0x00000000ed200000,0x00000000ee780000)
 ParOldGen       total 75776K, used 29362K [0x00000000a1c00000, 0x00000000a6600000, 0x00000000e0980000)
  object space 75776K, 38% used [0x00000000a1c00000,0x00000000a38aca68,0x00000000a6600000)
 Metaspace       used 56503K, capacity 59034K, committed 59160K, reserved 1099776K
  class space    used 7433K, capacity 7878K, committed 7976K, reserved 1048576K
}
Event: 130.748 GC heap before
{Heap before GC invocations=14 (full 3):
 PSYoungGen      total 165376K, used 17386K [0x00000000e0980000, 0x00000000ee780000, 0x0000000100000000)
  eden space 147968K, 0% used [0x00000000e0980000,0x00000000e0980000,0x00000000e9a00000)
  from space 17408K, 99% used [0x00000000e9a00000,0x00000000eaafa9a0,0x00000000eab00000)
  to   space 22016K, 0% used [0x00000000ed200000,0x00000000ed200000,0x00000000ee780000)
 ParOldGen       total 75776K, used 29362K [0x00000000a1c00000, 0x00000000a6600000, 0x00000000e0980000)
  object space 75776K, 38% used [0x00000000a1c00000,0x00000000a38aca68,0x00000000a6600000)
 Metaspace       used 56503K, capacity 59034K, committed 59160K, reserved 1099776K
  class space    used 7433K, capacity 7878K, committed 7976K, reserved 1048576K
Event: 131.120 GC heap after
Heap after GC invocations=14 (full 3):
 PSYoungGen      total 165376K, used 0K [0x00000000e0980000, 0x00000000ee780000, 0x0000000100000000)
  eden space 147968K, 0% used [0x00000000e0980000,0x00000000e0980000,0x00000000e9a00000)
  from space 17408K, 0% used [0x00000000e9a00000,0x00000000e9a00000,0x00000000eab00000)
  to   space 22016K, 0% used [0x00000000ed200000,0x00000000ed200000,0x00000000ee780000)
 ParOldGen       total 112640K, used 36919K [0x00000000a1c00000, 0x00000000a8a00000, 0x00000000e0980000)
  object space 112640K, 32% used [0x00000000a1c00000,0x00000000a400de80,0x00000000a8a00000)
 Metaspace       used 56503K, capacity 59034K, committed 59160K, reserved 1099776K
  class space    used 7433K, capacity 7878K, committed 7976K, reserved 1048576K
}

Deoptimization events (10 events):
Event: 106.174 Thread 0x000000001ccb5800 Uncommon trap: reason=bimorphic action=maybe_recompile pc=0x00000000040b0f40 method=java.util.regex.Pattern$CharProperty$1.isSatisfiedBy(I)Z @ 5
Event: 128.759 Thread 0x000000001ccb5800 Uncommon trap: reason=unstable_if action=reinterpret pc=0x000000000320592c method=java.net.URL.set(Ljava/lang/String;Ljava/lang/String;ILjava/lang/String;Ljava/lang/String;Ljava/lang/String;Ljava/lang/String;Ljava/lang/String;)V @ 23
Event: 128.761 Thread 0x000000001ccb5800 Uncommon trap: reason=unstable_if action=reinterpret pc=0x0000000003c142c8 method=java.net.URLStreamHandler.toExternalForm(Ljava/net/URL;)Ljava/lang/String; @ 60
Event: 129.095 Thread 0x000000001ccb5800 Uncommon trap: reason=predicate action=maybe_recompile pc=0x00000000040b41c8 method=java.util.TreeMap.put(Ljava/lang/Object;Ljava/lang/Object;)Ljava/lang/Object; @ 132
Event: 129.101 Thread 0x000000001ccb5800 Uncommon trap: reason=unstable_if action=reinterpret pc=0x000000000345bf20 method=java.util.jar.JarFile.maybeInstantiateVerifier()V @ 75
Event: 129.136 Thread 0x000000001ccb5800 Uncommon trap: reason=unstable_if action=reinterpret pc=0x0000000002f85630 method=java.util.jar.JarFile.maybeInstantiateVerifier()V @ 75
Event: 129.296 Thread 0x000000001ccb5800 Uncommon trap: reason=unstable_if action=reinterpret pc=0x00000000040b4ff4 method=java.util.Arrays.equals([B[B)Z @ 12
Event: 129.476 Thread 0x000000001ccb5800 Uncommon trap: reason=class_check action=maybe_recompile pc=0x000000000337ef3c method=java.util.TreeMap.getEntry(Ljava/lang/Object;)Ljava/util/TreeMap$Entry; @ 26
Event: 129.988 Thread 0x000000001ccb5800 Uncommon trap: reason=unstable_if action=reinterpret pc=0x00000000039a3414 method=java.util.Properties.load0(Ljava/util/Properties$LineReader;)V @ 80
Event: 130.329 Thread 0x000000001ccb5800 Uncommon trap: reason=class_check action=maybe_recompile pc=0x000000000337ef3c method=java.util.TreeMap.getEntry(Ljava/lang/Object;)Ljava/util/TreeMap$Entry; @ 26

Internal exceptions (10 events):
Event: 132.670 Thread 0x000000001ccb5800 Exception <a 'sun/nio/fs/WindowsException'> (0x00000000e1bb2760) thrown at [C:\re\workspace\8-2-build-windows-amd64-cygwin\jdk8u60\4407\hotspot\src\share\vm\prims\jni.cpp, line 709]
Event: 132.671 Thread 0x000000001ccb5800 Exception <a 'sun/nio/fs/WindowsException'> (0x00000000e1bb43c8) thrown at [C:\re\workspace\8-2-build-windows-amd64-cygwin\jdk8u60\4407\hotspot\src\share\vm\prims\jni.cpp, line 709]
Event: 132.673 Thread 0x000000001ccb5800 Exception <a 'sun/nio/fs/WindowsException'> (0x00000000e1bbc7a8) thrown at [C:\re\workspace\8-2-build-windows-amd64-cygwin\jdk8u60\4407\hotspot\src\share\vm\prims\jni.cpp, line 709]
Event: 132.676 Thread 0x000000001ccb5800 Exception <a 'sun/nio/fs/WindowsException'> (0x00000000e1bc8890) thrown at [C:\re\workspace\8-2-build-windows-amd64-cygwin\jdk8u60\4407\hotspot\src\share\vm\prims\jni.cpp, line 709]
Event: 132.679 Thread 0x000000001ccb5800 Exception <a 'sun/nio/fs/WindowsException'> (0x00000000e1bdada0) thrown at [C:\re\workspace\8-2-build-windows-amd64-cygwin\jdk8u60\4407\hotspot\src\share\vm\prims\jni.cpp, line 709]
Event: 132.680 Thread 0x000000001ccb5800 Exception <a 'sun/nio/fs/WindowsException'> (0x00000000e1bdd308) thrown at [C:\re\workspace\8-2-build-windows-amd64-cygwin\jdk8u60\4407\hotspot\src\share\vm\prims\jni.cpp, line 709]
Event: 132.684 Thread 0x000000001ccb5800 Exception <a 'sun/nio/fs/WindowsException'> (0x00000000e1bdf500) thrown at [C:\re\workspace\8-2-build-windows-amd64-cygwin\jdk8u60\4407\hotspot\src\share\vm\prims\jni.cpp, line 709]
Event: 132.688 Thread 0x000000001ccb5800 Exception <a 'sun/nio/fs/WindowsException'> (0x00000000e1be8a38) thrown at [C:\re\workspace\8-2-build-windows-amd64-cygwin\jdk8u60\4407\hotspot\src\share\vm\prims\jni.cpp, line 709]
Event: 132.689 Thread 0x000000001ccb5800 Exception <a 'sun/nio/fs/WindowsException'> (0x00000000e1bea770) thrown at [C:\re\workspace\8-2-build-windows-amd64-cygwin\jdk8u60\4407\hotspot\src\share\vm\prims\jni.cpp, line 709]
Event: 132.690 Thread 0x000000001ccb5800 Exception <a 'sun/nio/fs/WindowsException'> (0x00000000e1bef4c8) thrown at [C:\re\workspace\8-2-build-windows-amd64-cygwin\jdk8u60\4407\hotspot\src\share\vm\prims\jni.cpp, line 709]

Events (10 events):
Event: 132.693 loading class org/eclipse/jgit/lib/RepositoryCache
Event: 132.693 loading class org/eclipse/jgit/lib/RepositoryCache done
Event: 132.695 loading class org/eclipse/jgit/lib/RepositoryCache$Lock
Event: 132.695 loading class org/eclipse/jgit/lib/RepositoryCache$Lock done
Event: 132.695 loading class org/eclipse/jgit/lib/RepositoryCacheConfig
Event: 132.695 loading class org/eclipse/jgit/lib/RepositoryCacheConfig done
Event: 132.698 loading class org/eclipse/jgit/lib/RepositoryCache$1
Event: 132.698 loading class org/eclipse/jgit/lib/RepositoryCache$1 done
Event: 132.700 loading class org/eclipse/jgit/lib/RepositoryCache$FileKey
Event: 132.700 loading class org/eclipse/jgit/lib/RepositoryCache$FileKey done


Dynamic libraries:
0x00007ff636bc0000 - 0x00007ff636bf7000 	C:\Program Files\Java\jdk1.8.0_60\bin\javaw.exe
0x00007ffb7aa80000 - 0x00007ffb7ac61000 	C:\WINDOWS\SYSTEM32\ntdll.dll
0x00007ffb64150000 - 0x00007ffb64162000 	C:\Program Files\AVAST Software\Avast\aswhook.dll
0x00007ffb79e10000 - 0x00007ffb79ec2000 	C:\WINDOWS\System32\KERNEL32.DLL
0x00007ffb77950000 - 0x00007ffb77bc3000 	C:\WINDOWS\System32\KERNELBASE.dll
0x00007ffb7a250000 - 0x00007ffb7a2f1000 	C:\WINDOWS\System32\ADVAPI32.dll
0x00007ffb785c0000 - 0x00007ffb7865e000 	C:\WINDOWS\System32\msvcrt.dll
0x00007ffb77f10000 - 0x00007ffb77f6b000 	C:\WINDOWS\System32\sechost.dll
0x00007ffb7a300000 - 0x00007ffb7a424000 	C:\WINDOWS\System32\RPCRT4.dll
0x00007ffb78660000 - 0x00007ffb787f0000 	C:\WINDOWS\System32\USER32.dll
0x00007ffb76e50000 - 0x00007ffb76e70000 	C:\WINDOWS\System32\win32u.dll
0x00007ffb784d0000 - 0x00007ffb784f8000 	C:\WINDOWS\System32\GDI32.dll
0x00007ffb777b0000 - 0x00007ffb77942000 	C:\WINDOWS\System32\gdi32full.dll
0x00007ffb77e70000 - 0x00007ffb77f0f000 	C:\WINDOWS\System32\msvcp_win.dll
0x00007ffb76e70000 - 0x00007ffb76f6a000 	C:\WINDOWS\System32\ucrtbase.dll
0x00007ffb63720000 - 0x00007ffb63989000 	C:\WINDOWS\WinSxS\amd64_microsoft.windows.common-controls_6595b64144ccf1df_6.0.17134.590_none_fb3d9bff3069e088\COMCTL32.dll
0x00007ffb7a5d0000 - 0x00007ffb7a8f2000 	C:\WINDOWS\System32\combase.dll
0x00007ffb76f70000 - 0x00007ffb76fea000 	C:\WINDOWS\System32\bcryptPrimitives.dll
0x00007ffb79de0000 - 0x00007ffb79e0d000 	C:\WINDOWS\System32\IMM32.DLL
0x0000000067530000 - 0x0000000067602000 	C:\Program Files\Java\jdk1.8.0_60\jre\bin\msvcr100.dll
0x00000000677d0000 - 0x0000000068059000 	C:\Program Files\Java\jdk1.8.0_60\jre\bin\server\jvm.dll
0x00007ffb77fd0000 - 0x00007ffb77fd8000 	C:\WINDOWS\System32\PSAPI.DLL
0x00007ffb687c0000 - 0x00007ffb687c9000 	C:\WINDOWS\SYSTEM32\WSOCK32.dll
0x00007ffb78930000 - 0x00007ffb7899c000 	C:\WINDOWS\System32\WS2_32.dll
0x00007ffb74df0000 - 0x00007ffb74e13000 	C:\WINDOWS\SYSTEM32\WINMM.dll
0x00007ffb75a60000 - 0x00007ffb75a6a000 	C:\WINDOWS\SYSTEM32\VERSION.dll
0x00007ffb749a0000 - 0x00007ffb749ca000 	C:\WINDOWS\SYSTEM32\WINMMBASE.dll
0x00007ffb77c30000 - 0x00007ffb77c79000 	C:\WINDOWS\System32\cfgmgr32.dll
0x00000000676e0000 - 0x00000000676ef000 	C:\Program Files\Java\jdk1.8.0_60\jre\bin\verify.dll
0x00000000676b0000 - 0x00000000676d9000 	C:\Program Files\Java\jdk1.8.0_60\jre\bin\java.dll
0x0000000067690000 - 0x00000000676a6000 	C:\Program Files\Java\jdk1.8.0_60\jre\bin\zip.dll
0x00007ffb789a0000 - 0x00007ffb79de0000 	C:\WINDOWS\System32\SHELL32.dll
0x00007ffb78510000 - 0x00007ffb785b9000 	C:\WINDOWS\System32\shcore.dll
0x00007ffb770a0000 - 0x00007ffb777ad000 	C:\WINDOWS\System32\windows.storage.dll
0x00007ffb787f0000 - 0x00007ffb78841000 	C:\WINDOWS\System32\shlwapi.dll
0x00007ffb76de0000 - 0x00007ffb76df1000 	C:\WINDOWS\System32\kernel.appcore.dll
0x00007ffb76d90000 - 0x00007ffb76daf000 	C:\WINDOWS\System32\profapi.dll
0x00007ffb76e00000 - 0x00007ffb76e4c000 	C:\WINDOWS\System32\powrprof.dll
0x00007ffb76db0000 - 0x00007ffb76dba000 	C:\WINDOWS\System32\FLTLIB.DLL
0x0000000067670000 - 0x000000006768a000 	C:\Program Files\Java\jdk1.8.0_60\jre\bin\net.dll
0x00007ffb765b0000 - 0x00007ffb76616000 	C:\WINDOWS\system32\mswsock.dll
0x00007ffb76330000 - 0x00007ffb76368000 	C:\WINDOWS\SYSTEM32\IPHLPAPI.DLL
0x00007ffb78850000 - 0x00007ffb78858000 	C:\WINDOWS\System32\NSI.dll
0x00007ffb6ef30000 - 0x00007ffb6ef46000 	C:\WINDOWS\SYSTEM32\dhcpcsvc6.DLL
0x00007ffb6f170000 - 0x00007ffb6f18a000 	C:\WINDOWS\SYSTEM32\dhcpcsvc.DLL
0x00007ffb76370000 - 0x00007ffb7642e000 	C:\WINDOWS\SYSTEM32\DNSAPI.dll
0x00007ffb6bd50000 - 0x00007ffb6bd5a000 	C:\Windows\System32\rasadhlp.dll
0x00007ffb6d400000 - 0x00007ffb6d472000 	C:\WINDOWS\System32\fwpuclnt.dll
0x00007ffb768f0000 - 0x00007ffb76915000 	C:\WINDOWS\SYSTEM32\bcrypt.dll
0x0000000067610000 - 0x000000006761d000 	C:\Program Files\Java\jdk1.8.0_60\jre\bin\management.dll
0x00007ffb59f00000 - 0x00007ffb59f16000 	C:\WINDOWS\system32\napinsp.dll
0x00007ffb57ca0000 - 0x00007ffb57cba000 	C:\WINDOWS\system32\pnrpnsp.dll
0x00007ffb735f0000 - 0x00007ffb73609000 	C:\WINDOWS\system32\NLAapi.dll
0x00007ffb57c90000 - 0x00007ffb57c9e000 	C:\WINDOWS\System32\winrnr.dll
0x0000000067650000 - 0x0000000067661000 	C:\Program Files\Java\jdk1.8.0_60\jre\bin\nio.dll
0x00007ffb76760000 - 0x00007ffb76777000 	C:\WINDOWS\SYSTEM32\CRYPTSP.dll
0x00007ffb76190000 - 0x00007ffb761c3000 	C:\WINDOWS\system32\rsaenh.dll
0x00007ffb76c90000 - 0x00007ffb76cb8000 	C:\WINDOWS\SYSTEM32\USERENV.dll
0x00007ffb76780000 - 0x00007ffb7678b000 	C:\WINDOWS\SYSTEM32\CRYPTBASE.dll
0x0000000067620000 - 0x0000000067644000 	C:\Program Files\Java\jdk1.8.0_60\jre\bin\sunec.dll

VM Arguments:
jvm_args: -Dfile.encoding=UTF-8 
java_command: com.example.demo.ConfigServerApplication
java_class_path (initial): C:\Program Files\Java\jdk1.8.0_60\jre\lib\resources.jar;C:\Program Files\Java\jdk1.8.0_60\jre\lib\rt.jar;C:\Program Files\Java\jdk1.8.0_60\jre\lib\jsse.jar;C:\Program Files\Java\jdk1.8.0_60\jre\lib\jce.jar;C:\Program Files\Java\jdk1.8.0_60\jre\lib\charsets.jar;C:\Program Files\Java\jdk1.8.0_60\jre\lib\jfr.jar;C:\Program Files\Java\jdk1.8.0_60\jre\lib\ext\access-bridge-64.jar;C:\Program Files\Java\jdk1.8.0_60\jre\lib\ext\cldrdata.jar;C:\Program Files\Java\jdk1.8.0_60\jre\lib\ext\dnsns.jar;C:\Program Files\Java\jdk1.8.0_60\jre\lib\ext\jaccess.jar;C:\Program Files\Java\jdk1.8.0_60\jre\lib\ext\jfxrt.jar;C:\Program Files\Java\jdk1.8.0_60\jre\lib\ext\localedata.jar;C:\Program Files\Java\jdk1.8.0_60\jre\lib\ext\nashorn.jar;C:\Program Files\Java\jdk1.8.0_60\jre\lib\ext\sunec.jar;C:\Program Files\Java\jdk1.8.0_60\jre\lib\ext\sunjce_provider.jar;C:\Program Files\Java\jdk1.8.0_60\jre\lib\ext\sunmscapi.jar;C:\Program Files\Java\jdk1.8.0_60\jre\lib\ext\sunpkcs11.jar;C:\Program Files\Java\jdk1.8.0_60\jre\lib\ext\zipfs.jar;C:\Users\miste_000\eclipse-workspace\config-server\target\classes;C:\Users\miste_000\.m2\repository\org\springframework\boot\spring-boot-starter-actuator\2.1.2.RELEASE\spring-boot-starter-actuator-2.1.2.RELEASE.jar;C:\Users\miste_000\.m2\repository\org\springframework\boot\spring-boot-starter\2.1.2.RELEASE\spring-boot-starter-2.1.2.RELEASE.jar;C:\Users\miste_000\.m2\repository\org\springframework\boot\spring-boot\2.1.2.RELEASE\spring-boot-2.1.2.RELEASE.jar;C:\Users\miste_000\.m2\repository\org\springframework\boot\spring-boot-autoconfigure\2.1.2.RELEASE\spring-boot-autoconfigure-2.1.2.RELEASE.jar;C:\Users\miste_000\.m2\repository\org\springframework\boot\spring-boot-starter-logging\2.1.2.RELEASE\spring-boot-starter-logging-2.1.2.RELEASE.jar;C:\Users\miste_000\.m2\repository\ch\qos\logback\logback-classic\1.2.3\logback-classic-1.2.3.jar;C:\Users\miste_000\.m2\repository\ch\qos\logback\logback-core\1.2.3\logback-core-1.2.3.jar;C:\Users
Launcher Type: SUN_STANDARD

Environment Variables:
JAVA_HOME=C:\Program Files\Java\jdk1.8.0_31
PATH=C:/Program Files/Java/jdk1.8.0_60/jre/bin/server;C:/Program Files/Java/jdk1.8.0_60/jre/bin;C:/Program Files/Java/jdk1.8.0_60/jre/lib/amd64;C:\Program Files (x86)\Common Files\Oracle\Java\javapath;C:\ProgramData\Oracle\Java\javapath;C:\Program Files (x86)\Intel\iCLS Client\;C:\Program Files\Intel\iCLS Client\;C:\WINDOWS\system32;C:\WINDOWS;C:\WINDOWS\System32\Wbem;C:\WINDOWS\System32\WindowsPowerShell\v1.0\;C:\Program Files\Intel\Intel(R) Management Engine Components\DAL;C:\Program Files\Intel\Intel(R) Management Engine Components\IPT;C:\Program Files (x86)\Intel\Intel(R) Management Engine Components\DAL;C:\Program Files (x86)\Intel\Intel(R) Management Engine Components\IPT;C:\Program Files\Intel\WiFi\bin\;C:\Program Files\Common Files\Intel\WirelessCommon\;C:\Users\miste_000\AppData\Local\Android\ant\bin;C:\Users\miste_000\AppData\Local\Android\sdk\tools;C:\Users\miste_000\AppData\Local\Android\sdk\platform-tools;C:\Program Files\Java\jdk1.8.0_60\bin;C:\Program Files\Microsoft SQL Server\130\Tools\Binn\;C:\Program Files\dotnet\;C:\Program Files (x86)\Skype\Phone\;C:\Program Files\Amazon\AWSCLI\;C:\WINDOWS\System32\OpenSSH\;C:\Program Files\Microsoft VS Code\bin;C:\Program Files\nodejs\;C:\Users\miste_000\AppData\Local\Programs\Python\Python35\Scripts\;C:\Users\miste_000\AppData\Local\Programs\Python\Python35\;C:\Program Files (x86)\SSH Communications Security\SSH Secure Shell;C:\Program Files\Apache\apache-ant-1.9.4\bin;C:\Users\miste_000\AppData\Local\Android\sdk\platform-tools;C:\Users\miste_000\AppData\Local\Android\sdk\tools;C:\Users\miste_000\AppData\Local\Programs\Git\cmd;C:\Users\miste_000\AppData\Local\Microsoft\WindowsApps;C:\Program Files\Microsoft VS Code\bin;C:\Users\miste_000\AppData\Roaming\npm;C:\WINDOWS\System32;
USERNAME=miste_000
OS=Windows_NT
PROCESSOR_IDENTIFIER=Intel64 Family 6 Model 69 Stepping 1, GenuineIntel



---------------  S Y S T E M  ---------------

OS: Windows 10.0 , 64 bit Build 17134 (10.0.17134.556)

CPU:total 4 (2 cores per cpu, 2 threads per core) family 6 model 69 stepping 1, cmov, cx8, fxsr, mmx, sse, sse2, sse3, ssse3, sse4.1, sse4.2, popcnt, avx, avx2, aes, clmul, erms, lzcnt, ht, tsc, tscinvbit, bmi1, bmi2

Memory: 4k page, physical 6172280k(1142228k free), swap 6696568k(5900k free)

vm_info: Java HotSpot(TM) 64-Bit Server VM (25.60-b23) for windows-amd64 JRE (1.8.0_60-b27), built on Aug  4 2015 11:06:27 by "java_re" with MS VC++ 10.0 (VS2010)

time: Fri Mar 08 23:56:13 2019
elapsed time: 132 seconds (0d 0h 2m 12s)

